<?xml version="1.0" encoding="UTF-8"?>
<!-- Generated by org.testng.reporters.JUnitXMLReporter -->
<testsuite ignored="0" hostname="DESKTOP-LNT56P9" failures="0" tests="4" name="Test" time="69.042" errors="0" timestamp="2023-08-10T19:41:47 IST">
  <testcase classname="com.am_webtech.testscript.Login" name="quickAction" time="12.25"/>
  <testcase classname="com.am_webtech.testscript.Login" name="testLoginLogout" time="14.562"/>
  <testcase classname="com.am_webtech.testscript.Login" name="testLoginNull" time="16.967"/>
  <testcase classname="com.am_webtech.testscript.Login" name="testPunchIn" time="25.216"/>
</testsuite> <!-- Test -->
