<?xml version="1.0" encoding="UTF-8"?>
<testng-results ignored="0" total="1" passed="1" failed="0" skipped="0">
  <reporter-output>
    <line>
      <![CDATA[createCustomer]]>
    </line>
  </reporter-output>
  <suite started-at="2023-08-03T19:38:00 IST" name="Suite" finished-at="2023-08-03T19:38:10 IST" duration-ms="10123">
    <groups>
    </groups>
    <test started-at="2023-08-03T19:38:00 IST" name="Test" finished-at="2023-08-03T19:38:10 IST" duration-ms="10123">
      <class name="com.demoMaven.testscript.CustomerModue">
        <test-method signature="customerModule()[pri:0, instance:com.demoMaven.testscript.CustomerModue@77fbd92c]" started-at="2023-08-03T19:38:00 IST" name="customerModule" finished-at="2023-08-03T19:38:10 IST" duration-ms="10084" status="PASS">
          <reporter-output>
            <line>
              <![CDATA[createCustomer]]>
            </line>
          </reporter-output>
        </test-method> <!-- customerModule -->
      </class> <!-- com.demoMaven.testscript.CustomerModue -->
    </test> <!-- Test -->
  </suite> <!-- Suite -->
</testng-results>
